<?xml version="1.0" encoding="UTF-8"?>
<testng-results skipped="0" failed="1" ignored="0" total="5" passed="4">
  <reporter-output>
  </reporter-output>
  <suite name="Default suite" duration-ms="134660" started-at="2020-07-24T06:30:25Z" finished-at="2020-07-24T06:32:40Z">
    <groups>
    </groups>
    <test name="Default test" duration-ms="134660" started-at="2020-07-24T06:30:25Z" finished-at="2020-07-24T06:32:40Z">
      <class name="com.interview.Interview">
        <test-method status="PASS" signature="setup()[pri:0, instance:com.interview.Interview@475530b9]" name="setup" is-config="true" duration-ms="11130" started-at="2020-07-24T06:30:25Z" finished-at="2020-07-24T06:30:36Z">
          <reporter-output>
          </reporter-output>
        </test-method> <!-- setup -->
        <test-method status="PASS" signature="createRepo()[pri:0, instance:com.interview.Interview@475530b9]" name="createRepo" duration-ms="9404" started-at="2020-07-24T06:30:36Z" finished-at="2020-07-24T06:30:45Z">
          <reporter-output>
          </reporter-output>
        </test-method> <!-- createRepo -->
        <test-method status="PASS" signature="tearup()[pri:0, instance:com.interview.Interview@475530b9]" name="tearup" is-config="true" duration-ms="242" started-at="2020-07-24T06:30:45Z" finished-at="2020-07-24T06:30:46Z">
          <reporter-output>
          </reporter-output>
        </test-method> <!-- tearup -->
        <test-method status="PASS" signature="setup()[pri:0, instance:com.interview.Interview@475530b9]" name="setup" is-config="true" duration-ms="11316" started-at="2020-07-24T06:30:46Z" finished-at="2020-07-24T06:30:57Z">
          <reporter-output>
          </reporter-output>
        </test-method> <!-- setup -->
        <test-method status="PASS" signature="creatingIssue1()[pri:0, instance:com.interview.Interview@475530b9]" name="creatingIssue1" duration-ms="11561" started-at="2020-07-24T06:30:57Z" finished-at="2020-07-24T06:31:09Z">
          <reporter-output>
          </reporter-output>
        </test-method> <!-- creatingIssue1 -->
        <test-method status="PASS" signature="tearup()[pri:0, instance:com.interview.Interview@475530b9]" name="tearup" is-config="true" duration-ms="166" started-at="2020-07-24T06:31:09Z" finished-at="2020-07-24T06:31:09Z">
          <reporter-output>
          </reporter-output>
        </test-method> <!-- tearup -->
        <test-method status="PASS" signature="setup()[pri:0, instance:com.interview.Interview@475530b9]" name="setup" is-config="true" duration-ms="11568" started-at="2020-07-24T06:31:09Z" finished-at="2020-07-24T06:31:20Z">
          <reporter-output>
          </reporter-output>
        </test-method> <!-- setup -->
        <test-method status="PASS" signature="creatingIssue2()[pri:0, instance:com.interview.Interview@475530b9]" name="creatingIssue2" duration-ms="10069" started-at="2020-07-24T06:31:20Z" finished-at="2020-07-24T06:31:30Z">
          <reporter-output>
          </reporter-output>
        </test-method> <!-- creatingIssue2 -->
        <test-method status="PASS" signature="tearup()[pri:0, instance:com.interview.Interview@475530b9]" name="tearup" is-config="true" duration-ms="254" started-at="2020-07-24T06:31:30Z" finished-at="2020-07-24T06:31:31Z">
          <reporter-output>
          </reporter-output>
        </test-method> <!-- tearup -->
        <test-method status="PASS" signature="setup()[pri:0, instance:com.interview.Interview@475530b9]" name="setup" is-config="true" duration-ms="9753" started-at="2020-07-24T06:31:31Z" finished-at="2020-07-24T06:31:40Z">
          <reporter-output>
          </reporter-output>
        </test-method> <!-- setup -->
        <test-method status="PASS" signature="navigating()[pri:0, instance:com.interview.Interview@475530b9]" name="navigating" duration-ms="7432" started-at="2020-07-24T06:31:40Z" finished-at="2020-07-24T06:31:48Z">
          <reporter-output>
          </reporter-output>
        </test-method> <!-- navigating -->
        <test-method status="PASS" signature="tearup()[pri:0, instance:com.interview.Interview@475530b9]" name="tearup" is-config="true" duration-ms="4428" started-at="2020-07-24T06:31:48Z" finished-at="2020-07-24T06:31:52Z">
          <reporter-output>
          </reporter-output>
        </test-method> <!-- tearup -->
        <test-method status="PASS" signature="setup()[pri:0, instance:com.interview.Interview@475530b9]" name="setup" is-config="true" duration-ms="10480" started-at="2020-07-24T06:31:52Z" finished-at="2020-07-24T06:32:03Z">
          <reporter-output>
          </reporter-output>
        </test-method> <!-- setup -->
        <test-method status="FAIL" signature="deletingRepo()[pri:0, instance:com.interview.Interview@475530b9]" name="deletingRepo" duration-ms="32570" started-at="2020-07-24T06:32:03Z" depends-on-methods="com.interview.Interview.navigating" finished-at="2020-07-24T06:32:35Z">
          <exception class="org.openqa.selenium.NoSuchElementException">
            <message>
              <![CDATA[no such element: Unable to locate element: {"method":"xpath","selector":"//*[contains(text(), 'Create repository')]"}
  (Session info: chrome=84.0.4147.89)
For documentation on this error, please visit: https://www.seleniumhq.org/exceptions/no_such_element.html
Build info: version: '3.141.59', revision: 'e82be7d358', time: '2018-11-14T08:17:03'
System info: host: 'ABHISHEK', ip: '192.168.43.30', os.name: 'Windows 10', os.arch: 'amd64', os.version: '10.0', java.version: '1.8.0_201'
Driver info: org.openqa.selenium.chrome.ChromeDriver
Capabilities {acceptInsecureCerts: false, browserName: chrome, browserVersion: 84.0.4147.89, chrome: {chromedriverVersion: 84.0.4147.30 (48b3e868b4cc0..., userDataDir: C:\Users\Dell\AppData\Local...}, goog:chromeOptions: {debuggerAddress: localhost:61407}, javascriptEnabled: true, networkConnectionEnabled: false, pageLoadStrategy: normal, platform: WINDOWS, platformName: WINDOWS, proxy: Proxy(), setWindowRect: true, strictFileInteractability: false, timeouts: {implicit: 0, pageLoad: 300000, script: 30000}, unhandledPromptBehavior: dismiss and notify, webauthn:virtualAuthenticators: true}
Session ID: cf9ab45d70970646152e5be857d4f796
*** Element info: {Using=xpath, value=//*[contains(text(), 'Create repository')]}]]>
            </message>
            <full-stacktrace>
              <![CDATA[org.openqa.selenium.NoSuchElementException: no such element: Unable to locate element: {"method":"xpath","selector":"//*[contains(text(), 'Create repository')]"}
  (Session info: chrome=84.0.4147.89)
For documentation on this error, please visit: https://www.seleniumhq.org/exceptions/no_such_element.html
Build info: version: '3.141.59', revision: 'e82be7d358', time: '2018-11-14T08:17:03'
System info: host: 'ABHISHEK', ip: '192.168.43.30', os.name: 'Windows 10', os.arch: 'amd64', os.version: '10.0', java.version: '1.8.0_201'
Driver info: org.openqa.selenium.chrome.ChromeDriver
Capabilities {acceptInsecureCerts: false, browserName: chrome, browserVersion: 84.0.4147.89, chrome: {chromedriverVersion: 84.0.4147.30 (48b3e868b4cc0..., userDataDir: C:\Users\Dell\AppData\Local...}, goog:chromeOptions: {debuggerAddress: localhost:61407}, javascriptEnabled: true, networkConnectionEnabled: false, pageLoadStrategy: normal, platform: WINDOWS, platformName: WINDOWS, proxy: Proxy(), setWindowRect: true, strictFileInteractability: false, timeouts: {implicit: 0, pageLoad: 300000, script: 30000}, unhandledPromptBehavior: dismiss and notify, webauthn:virtualAuthenticators: true}
Session ID: cf9ab45d70970646152e5be857d4f796
*** Element info: {Using=xpath, value=//*[contains(text(), 'Create repository')]}
at sun.reflect.NativeConstructorAccessorImpl.newInstance0(Native Method)
at sun.reflect.NativeConstructorAccessorImpl.newInstance(Unknown Source)
at sun.reflect.DelegatingConstructorAccessorImpl.newInstance(Unknown Source)
at java.lang.reflect.Constructor.newInstance(Unknown Source)
at org.openqa.selenium.remote.http.W3CHttpResponseCodec.createException(W3CHttpResponseCodec.java:187)
at org.openqa.selenium.remote.http.W3CHttpResponseCodec.decode(W3CHttpResponseCodec.java:122)
at org.openqa.selenium.remote.http.W3CHttpResponseCodec.decode(W3CHttpResponseCodec.java:49)
at org.openqa.selenium.remote.HttpCommandExecutor.execute(HttpCommandExecutor.java:158)
at org.openqa.selenium.remote.service.DriverCommandExecutor.execute(DriverCommandExecutor.java:83)
at org.openqa.selenium.remote.RemoteWebDriver.execute(RemoteWebDriver.java:552)
at org.openqa.selenium.remote.RemoteWebDriver.findElement(RemoteWebDriver.java:323)
at org.openqa.selenium.remote.RemoteWebDriver.findElementByXPath(RemoteWebDriver.java:428)
at org.openqa.selenium.By$ByXPath.findElement(By.java:353)
at org.openqa.selenium.remote.RemoteWebDriver.findElement(RemoteWebDriver.java:315)
at com.interview.Interview.deletingRepo(Interview.java:140)
at sun.reflect.NativeMethodAccessorImpl.invoke0(Native Method)
at sun.reflect.NativeMethodAccessorImpl.invoke(Unknown Source)
at sun.reflect.DelegatingMethodAccessorImpl.invoke(Unknown Source)
at java.lang.reflect.Method.invoke(Unknown Source)
at org.testng.internal.MethodInvocationHelper.invokeMethod(MethodInvocationHelper.java:124)
at org.testng.internal.Invoker.invokeMethod(Invoker.java:583)
at org.testng.internal.Invoker.invokeTestMethod(Invoker.java:719)
at org.testng.internal.Invoker.invokeTestMethods(Invoker.java:989)
at org.testng.internal.TestMethodWorker.invokeTestMethods(TestMethodWorker.java:125)
at org.testng.internal.TestMethodWorker.run(TestMethodWorker.java:109)
at org.testng.TestRunner.privateRun(TestRunner.java:648)
at org.testng.TestRunner.run(TestRunner.java:505)
at org.testng.SuiteRunner.runTest(SuiteRunner.java:455)
at org.testng.SuiteRunner.runSequentially(SuiteRunner.java:450)
at org.testng.SuiteRunner.privateRun(SuiteRunner.java:415)
at org.testng.SuiteRunner.run(SuiteRunner.java:364)
at org.testng.SuiteRunnerWorker.runSuite(SuiteRunnerWorker.java:52)
at org.testng.SuiteRunnerWorker.run(SuiteRunnerWorker.java:84)
at org.testng.TestNG.runSuitesSequentially(TestNG.java:1208)
at org.testng.TestNG.runSuitesLocally(TestNG.java:1137)
at org.testng.TestNG.runSuites(TestNG.java:1049)
at org.testng.TestNG.run(TestNG.java:1017)
at org.testng.remote.AbstractRemoteTestNG.run(AbstractRemoteTestNG.java:114)
at org.testng.remote.RemoteTestNG.initAndRun(RemoteTestNG.java:251)
at org.testng.remote.RemoteTestNG.main(RemoteTestNG.java:77)
]]>
            </full-stacktrace>
          </exception> <!-- org.openqa.selenium.NoSuchElementException -->
          <reporter-output>
          </reporter-output>
        </test-method> <!-- deletingRepo -->
        <test-method status="PASS" signature="tearup()[pri:0, instance:com.interview.Interview@475530b9]" name="tearup" is-config="true" duration-ms="4221" started-at="2020-07-24T06:32:35Z" finished-at="2020-07-24T06:32:40Z">
          <reporter-output>
          </reporter-output>
        </test-method> <!-- tearup -->
      </class> <!-- com.interview.Interview -->
    </test> <!-- Default test -->
  </suite> <!-- Default suite -->
</testng-results>
